<?xml version="1.0" encoding="UTF-8"?>
<!-- Generated by org.testng.reporters.JUnitXMLReporter -->
<testsuite ignored="1" hostname="ITT-GOKUL-S" failures="0" tests="3" name="Test1" time="86.523" errors="0" timestamp="2023-12-18T22:43:58 IST">
  <testcase classname="testNGPackage.TestClass" name="testTest" time="3.825"/>
  <testcase classname="testNGPackage.TestClass" name="test3" time="21.468"/>
  <testcase classname="testNGPackage.TestClass" name="test3" time="22.598"/>
  <testcase classname="testNGPackage.TestClass" name="test2" time="0.0">
    <ignored/>
  </testcase> <!-- test2 -->
</testsuite> <!-- Test1 -->
